TN:
SF:src/EJERCICIO1/stock.ts
FN:29,(anonymous_0)
FN:30,(anonymous_1)
FN:45,(anonymous_2)
FN:72,(anonymous_3)
FN:96,(anonymous_4)
FN:97,(anonymous_5)
FN:108,(anonymous_6)
FN:127,(anonymous_7)
FN:128,(anonymous_8)
FN:146,(anonymous_9)
FN:154,(anonymous_10)
FN:183,(anonymous_11)
FNF:12
FNH:12
FNDA:51,(anonymous_0)
FNDA:4,(anonymous_1)
FNDA:26,(anonymous_2)
FNDA:17,(anonymous_3)
FNDA:4,(anonymous_4)
FNDA:4,(anonymous_5)
FNDA:2,(anonymous_6)
FNDA:4,(anonymous_7)
FNDA:8,(anonymous_8)
FNDA:2,(anonymous_9)
FNDA:2,(anonymous_10)
FNDA:1,(anonymous_11)
DA:9,1
DA:15,51
DA:20,51
DA:30,51
DA:31,4
DA:47,26
DA:48,26
DA:49,26
DA:50,26
DA:51,26
DA:52,26
DA:53,26
DA:74,17
DA:75,17
DA:76,17
DA:77,17
DA:78,17
DA:79,17
DA:81,17
DA:97,4
DA:98,4
DA:109,2
DA:110,2
DA:111,2
DA:112,2
DA:113,2
DA:114,2
DA:115,2
DA:116,2
DA:117,2
DA:118,2
DA:128,4
DA:129,8
DA:130,8
DA:131,8
DA:132,8
DA:133,8
DA:134,8
DA:135,8
DA:136,8
DA:147,2
DA:148,2
DA:149,2
DA:150,2
DA:151,2
DA:152,2
DA:154,2
DA:155,2
DA:156,2
DA:157,2
DA:158,2
DA:159,2
DA:160,2
DA:161,2
DA:162,2
DA:163,2
DA:165,2
DA:166,1
DA:167,1
DA:168,1
DA:170,0
DA:172,1
DA:173,1
DA:177,2
DA:178,2
DA:179,2
DA:180,2
DA:181,2
DA:183,2
DA:184,1
DA:185,1
DA:186,1
DA:188,2
LF:73
LH:72
BRDA:155,0,0,2
BRDA:155,0,1,0
BRDA:165,1,0,1
BRDA:165,1,1,1
BRDA:167,2,0,1
BRDA:167,2,1,0
BRDA:172,3,0,1
BRDA:172,3,1,0
BRF:8
BRH:5
end_of_record
