TN:
SF:src/EJERCICIO1/stock.ts
FN:29,(anonymous_0)
FN:30,(anonymous_1)
FN:45,(anonymous_2)
FN:72,(anonymous_3)
FN:96,(anonymous_4)
FN:97,(anonymous_5)
FN:108,(anonymous_6)
FN:127,(anonymous_7)
FN:128,(anonymous_8)
FN:146,(anonymous_9)
FN:154,(anonymous_10)
FN:181,(anonymous_11)
FNF:12
FNH:12
FNDA:61,(anonymous_0)
FNDA:4,(anonymous_1)
FNDA:26,(anonymous_2)
FNDA:17,(anonymous_3)
FNDA:4,(anonymous_4)
FNDA:4,(anonymous_5)
FNDA:2,(anonymous_6)
FNDA:4,(anonymous_7)
FNDA:8,(anonymous_8)
FNDA:9,(anonymous_9)
FNDA:9,(anonymous_10)
FNDA:7,(anonymous_11)
DA:9,1
DA:15,61
DA:20,61
DA:30,61
DA:31,4
DA:47,26
DA:48,26
DA:49,26
DA:50,26
DA:51,26
DA:52,26
DA:53,26
DA:74,17
DA:75,17
DA:76,17
DA:77,17
DA:78,17
DA:79,17
DA:81,17
DA:97,4
DA:98,4
DA:109,2
DA:110,2
DA:111,2
DA:112,2
DA:113,2
DA:114,2
DA:115,2
DA:116,2
DA:117,2
DA:118,2
DA:128,4
DA:129,8
DA:130,8
DA:131,8
DA:132,8
DA:133,8
DA:134,8
DA:135,8
DA:136,8
DA:147,9
DA:148,9
DA:149,9
DA:150,9
DA:151,9
DA:152,9
DA:154,9
DA:155,9
DA:156,9
DA:157,9
DA:158,9
DA:159,9
DA:160,9
DA:161,9
DA:162,9
DA:163,9
DA:165,9
DA:166,7
DA:167,7
DA:168,7
DA:170,2
DA:171,2
DA:175,9
DA:176,9
DA:177,9
DA:178,9
DA:179,9
DA:181,9
DA:182,7
DA:183,7
DA:184,7
DA:186,9
LF:72
LH:72
BRDA:155,0,0,9
BRDA:155,0,1,0
BRDA:165,1,0,7
BRDA:165,1,1,2
BRDA:167,2,0,7
BRDA:167,2,1,0
BRDA:170,3,0,2
BRDA:170,3,1,0
BRF:8
BRH:5
end_of_record
